Build started 31/10/2012 9:27:26 PM.
     1>Project "C:\Users\aravin\Desktop\iDo\Source\iDoNew\iDoNew.vcxproj" on node 2 (build target(s)).
     1>InitializeBuildStatus:
         Creating "Debug\iDo.unsuccessfulbuild" because "AlwaysCreate" was specified.
       ClCompile:
         C:\Program Files (x86)\Microsoft Visual Studio 10.0\VC\bin\CL.exe /c /ZI /nologo /W3 /WX- /Od /Oy- /D _MBCS /Gm /EHsc /RTC1 /MTd /GS /fp:precise /Zc:wchar_t /Zc:forScope /Fo"Debug\\" /Fd"Debug\vc100.pdb" /Gd /TP /analyze- /errorReport:prompt Logic.cpp Main.cpp Sort.cpp UI.cpp
         UI.cpp
         Sort.cpp
     1>c:\users\aravin\desktop\ido\source\idonew\sort.cpp(27): warning C4996: 'strcmpi': The POSIX name for this item is deprecated. Instead, use the ISO C++ conformant name: _strcmpi. See online help for details.
                 c:\program files (x86)\microsoft visual studio 10.0\vc\include\string.h(245) : see declaration of 'strcmpi'
     1>c:\users\aravin\desktop\ido\source\idonew\sort.cpp(33): warning C4996: 'strcmpi': The POSIX name for this item is deprecated. Instead, use the ISO C++ conformant name: _strcmpi. See online help for details.
                 c:\program files (x86)\microsoft visual studio 10.0\vc\include\string.h(245) : see declaration of 'strcmpi'
     1>c:\users\aravin\desktop\ido\source\idonew\sort.cpp(43): warning C4018: '<' : signed/unsigned mismatch
     1>c:\users\aravin\desktop\ido\source\idonew\sort.cpp(44): warning C4018: '<' : signed/unsigned mismatch
     1>c:\users\aravin\desktop\ido\source\idonew\sort.cpp(45): warning C4996: 'strcmpi': The POSIX name for this item is deprecated. Instead, use the ISO C++ conformant name: _strcmpi. See online help for details.
                 c:\program files (x86)\microsoft visual studio 10.0\vc\include\string.h(245) : see declaration of 'strcmpi'
     1>c:\users\aravin\desktop\ido\source\idonew\sort.cpp(56): warning C4018: '<' : signed/unsigned mismatch
     1>c:\users\aravin\desktop\ido\source\idonew\sort.cpp(57): warning C4018: '<' : signed/unsigned mismatch
     1>c:\users\aravin\desktop\ido\source\idonew\sort.cpp(58): warning C4996: 'strcmpi': The POSIX name for this item is deprecated. Instead, use the ISO C++ conformant name: _strcmpi. See online help for details.
                 c:\program files (x86)\microsoft visual studio 10.0\vc\include\string.h(245) : see declaration of 'strcmpi'
     1>c:\users\aravin\desktop\ido\source\idonew\sort.cpp(68): warning C4018: '<' : signed/unsigned mismatch
     1>c:\users\aravin\desktop\ido\source\idonew\sort.cpp(69): warning C4018: '<' : signed/unsigned mismatch
     1>c:\users\aravin\desktop\ido\source\idonew\sort.cpp(80): warning C4018: '<' : signed/unsigned mismatch
     1>c:\users\aravin\desktop\ido\source\idonew\sort.cpp(81): warning C4018: '<' : signed/unsigned mismatch
         Main.cpp
     1>c:\users\aravin\desktop\ido\source\idonew\tester.h(40): warning C4018: '<' : signed/unsigned mismatch
     1>c:\users\aravin\desktop\ido\source\idonew\tester.h(49): warning C4996: 'strcpy': This function or variable may be unsafe. Consider using strcpy_s instead. To disable deprecation, use _CRT_SECURE_NO_WARNINGS. See online help for details.
                 c:\program files (x86)\microsoft visual studio 10.0\vc\include\string.h(105) : see declaration of 'strcpy'
     1>c:\users\aravin\desktop\ido\source\idonew\tester.h(53): warning C4996: 'strcpy': This function or variable may be unsafe. Consider using strcpy_s instead. To disable deprecation, use _CRT_SECURE_NO_WARNINGS. See online help for details.
                 c:\program files (x86)\microsoft visual studio 10.0\vc\include\string.h(105) : see declaration of 'strcpy'
     1>c:\users\aravin\desktop\ido\source\idonew\tester.h(57): warning C4996: 'strcpy': This function or variable may be unsafe. Consider using strcpy_s instead. To disable deprecation, use _CRT_SECURE_NO_WARNINGS. See online help for details.
                 c:\program files (x86)\microsoft visual studio 10.0\vc\include\string.h(105) : see declaration of 'strcpy'
     1>c:\users\aravin\desktop\ido\source\idonew\tester.h(61): warning C4996: 'strcpy': This function or variable may be unsafe. Consider using strcpy_s instead. To disable deprecation, use _CRT_SECURE_NO_WARNINGS. See online help for details.
                 c:\program files (x86)\microsoft visual studio 10.0\vc\include\string.h(105) : see declaration of 'strcpy'
     1>c:\users\aravin\desktop\ido\source\idonew\tester.h(65): warning C4996: 'strcpy': This function or variable may be unsafe. Consider using strcpy_s instead. To disable deprecation, use _CRT_SECURE_NO_WARNINGS. See online help for details.
                 c:\program files (x86)\microsoft visual studio 10.0\vc\include\string.h(105) : see declaration of 'strcpy'
     1>c:\users\aravin\desktop\ido\source\idonew\tester.h(69): warning C4996: 'strcpy': This function or variable may be unsafe. Consider using strcpy_s instead. To disable deprecation, use _CRT_SECURE_NO_WARNINGS. See online help for details.
                 c:\program files (x86)\microsoft visual studio 10.0\vc\include\string.h(105) : see declaration of 'strcpy'
     1>c:\users\aravin\desktop\ido\source\idonew\tester.h(79): warning C4996: 'strcpy': This function or variable may be unsafe. Consider using strcpy_s instead. To disable deprecation, use _CRT_SECURE_NO_WARNINGS. See online help for details.
                 c:\program files (x86)\microsoft visual studio 10.0\vc\include\string.h(105) : see declaration of 'strcpy'
     1>c:\users\aravin\desktop\ido\source\idonew\tester.h(88): warning C4996: 'strcpy': This function or variable may be unsafe. Consider using strcpy_s instead. To disable deprecation, use _CRT_SECURE_NO_WARNINGS. See online help for details.
                 c:\program files (x86)\microsoft visual studio 10.0\vc\include\string.h(105) : see declaration of 'strcpy'
     1>c:\users\aravin\desktop\ido\source\idonew\tester.h(90): warning C4996: 'strcpy': This function or variable may be unsafe. Consider using strcpy_s instead. To disable deprecation, use _CRT_SECURE_NO_WARNINGS. See online help for details.
                 c:\program files (x86)\microsoft visual studio 10.0\vc\include\string.h(105) : see declaration of 'strcpy'
     1>c:\users\aravin\desktop\ido\source\idonew\tester.h(92): warning C4996: 'strcpy': This function or variable may be unsafe. Consider using strcpy_s instead. To disable deprecation, use _CRT_SECURE_NO_WARNINGS. See online help for details.
                 c:\program files (x86)\microsoft visual studio 10.0\vc\include\string.h(105) : see declaration of 'strcpy'
     1>c:\users\aravin\desktop\ido\source\idonew\tester.h(94): warning C4996: 'strcpy': This function or variable may be unsafe. Consider using strcpy_s instead. To disable deprecation, use _CRT_SECURE_NO_WARNINGS. See online help for details.
                 c:\program files (x86)\microsoft visual studio 10.0\vc\include\string.h(105) : see declaration of 'strcpy'
     1>c:\users\aravin\desktop\ido\source\idonew\tester.h(96): warning C4996: 'strcpy': This function or variable may be unsafe. Consider using strcpy_s instead. To disable deprecation, use _CRT_SECURE_NO_WARNINGS. See online help for details.
                 c:\program files (x86)\microsoft visual studio 10.0\vc\include\string.h(105) : see declaration of 'strcpy'
     1>c:\users\aravin\desktop\ido\source\idonew\tester.h(98): warning C4996: 'strcpy': This function or variable may be unsafe. Consider using strcpy_s instead. To disable deprecation, use _CRT_SECURE_NO_WARNINGS. See online help for details.
                 c:\program files (x86)\microsoft visual studio 10.0\vc\include\string.h(105) : see declaration of 'strcpy'
     1>c:\users\aravin\desktop\ido\source\idonew\tester.h(100): warning C4996: 'strcpy': This function or variable may be unsafe. Consider using strcpy_s instead. To disable deprecation, use _CRT_SECURE_NO_WARNINGS. See online help for details.
                 c:\program files (x86)\microsoft visual studio 10.0\vc\include\string.h(105) : see declaration of 'strcpy'
     1>c:\users\aravin\desktop\ido\source\idonew\tester.h(102): warning C4996: 'strcpy': This function or variable may be unsafe. Consider using strcpy_s instead. To disable deprecation, use _CRT_SECURE_NO_WARNINGS. See online help for details.
                 c:\program files (x86)\microsoft visual studio 10.0\vc\include\string.h(105) : see declaration of 'strcpy'
     1>c:\users\aravin\desktop\ido\source\idonew\tester.h(104): warning C4996: 'strcpy': This function or variable may be unsafe. Consider using strcpy_s instead. To disable deprecation, use _CRT_SECURE_NO_WARNINGS. See online help for details.
                 c:\program files (x86)\microsoft visual studio 10.0\vc\include\string.h(105) : see declaration of 'strcpy'
     1>c:\users\aravin\desktop\ido\source\idonew\tester.h(106): warning C4996: 'strcpy': This function or variable may be unsafe. Consider using strcpy_s instead. To disable deprecation, use _CRT_SECURE_NO_WARNINGS. See online help for details.
                 c:\program files (x86)\microsoft visual studio 10.0\vc\include\string.h(105) : see declaration of 'strcpy'
     1>c:\users\aravin\desktop\ido\source\idonew\tester.h(108): warning C4996: 'strcpy': This function or variable may be unsafe. Consider using strcpy_s instead. To disable deprecation, use _CRT_SECURE_NO_WARNINGS. See online help for details.
                 c:\program files (x86)\microsoft visual studio 10.0\vc\include\string.h(105) : see declaration of 'strcpy'
     1>c:\users\aravin\desktop\ido\source\idonew\tester.h(116): warning C4996: 'strcpy': This function or variable may be unsafe. Consider using strcpy_s instead. To disable deprecation, use _CRT_SECURE_NO_WARNINGS. See online help for details.
                 c:\program files (x86)\microsoft visual studio 10.0\vc\include\string.h(105) : see declaration of 'strcpy'
     1>c:\users\aravin\desktop\ido\source\idonew\tester.h(119): warning C4996: 'strcpy': This function or variable may be unsafe. Consider using strcpy_s instead. To disable deprecation, use _CRT_SECURE_NO_WARNINGS. See online help for details.
                 c:\program files (x86)\microsoft visual studio 10.0\vc\include\string.h(105) : see declaration of 'strcpy'
     1>c:\users\aravin\desktop\ido\source\idonew\tester.h(128): warning C4996: 'strcpy': This function or variable may be unsafe. Consider using strcpy_s instead. To disable deprecation, use _CRT_SECURE_NO_WARNINGS. See online help for details.
                 c:\program files (x86)\microsoft visual studio 10.0\vc\include\string.h(105) : see declaration of 'strcpy'
         Logic.cpp
     1>c:\users\aravin\desktop\ido\source\idonew\logic.cpp(16): warning C4996: 'localtime': This function or variable may be unsafe. Consider using localtime_s instead. To disable deprecation, use _CRT_SECURE_NO_WARNINGS. See online help for details.
                 c:\program files (x86)\microsoft visual studio 10.0\vc\include\time.inl(112) : see declaration of 'localtime'
     1>c:\users\aravin\desktop\ido\source\idonew\logic.cpp(140): warning C4018: '<' : signed/unsigned mismatch
     1>c:\users\aravin\desktop\ido\source\idonew\logic.cpp(149): warning C4018: '<' : signed/unsigned mismatch
     1>c:\users\aravin\desktop\ido\source\idonew\logic.cpp(191): warning C4018: '<' : signed/unsigned mismatch
     1>c:\users\aravin\desktop\ido\source\idonew\logic.cpp(196): warning C4018: '<' : signed/unsigned mismatch
         Generating Code...
       Link:
         C:\Program Files (x86)\Microsoft Visual Studio 10.0\VC\bin\link.exe /ERRORREPORT:PROMPT /OUT:"C:\Users\aravin\Desktop\iDo\Debug\iDo.exe" /NOLOGO /LIBPATH:C:\Users\aravin\Desktop\iDo\lib gtestd.lib kernel32.lib user32.lib gdi32.lib winspool.lib comdlg32.lib advapi32.lib shell32.lib ole32.lib oleaut32.lib uuid.lib odbc32.lib odbccp32.lib /MANIFEST /ManifestFile:"Debug\iDo.exe.intermediate.manifest" /MANIFESTUAC:"level='asInvoker' uiAccess='false'" /DEBUG /PDB:"C:\Users\aravin\Desktop\iDo\Debug\iDo.pdb" /TLBID:1 /DYNAMICBASE /NXCOMPAT /IMPLIB:"C:\Users\aravin\Desktop\iDo\Debug\iDo.lib" /MACHINE:X86 Debug\CommandProcessor.obj
         Debug\DeadlinedTask.obj
         Debug\FileIO.obj
         Debug\FloatingTask.obj
         Debug\Logic.obj
         Debug\Main.obj
         Debug\Search.obj
         Debug\Sort.obj
         Debug\TimedTask.obj
         Debug\UI.obj
         LINK : C:\Users\aravin\Desktop\iDo\Debug\iDo.exe not found or not built by the last incremental link; performing full link
         iDoNew.vcxproj -> C:\Users\aravin\Desktop\iDo\Debug\iDo.exe
       Manifest:
         C:\Program Files (x86)\Microsoft SDKs\Windows\v7.0A\bin\mt.exe /nologo /verbose /outputresource:"C:\Users\aravin\Desktop\iDo\Debug\iDo.exe;#1" /manifest Debug\iDo.exe.intermediate.manifest
       FinalizeBuildStatus:
         Deleting file "Debug\iDo.unsuccessfulbuild".
         Touching "Debug\iDo.lastbuildstate".
     1>Done Building Project "C:\Users\aravin\Desktop\iDo\Source\iDoNew\iDoNew.vcxproj" (build target(s)).

Build succeeded.

Time Elapsed 00:00:07.05
