C:\USERS\SUPRAJA\DOCUMENTS\VISUAL STUDIO 2010\PROJECTS\IDONEW\DEBUG\IDO.EXE
C:\Users\Supraja\Documents\Visual Studio 2010\Projects\iDoNew\Debug\iDo.pdb
C:\Users\Supraja\Documents\Visual Studio 2010\Projects\iDoNew\iDoNew\Debug\cl.command.1.tlog
C:\Users\Supraja\Documents\Visual Studio 2010\Projects\iDoNew\iDoNew\Debug\CL.read.1.tlog
C:\Users\Supraja\Documents\Visual Studio 2010\Projects\iDoNew\iDoNew\Debug\CL.write.1.tlog
C:\USERS\SUPRAJA\DOCUMENTS\VISUAL STUDIO 2010\PROJECTS\IDONEW\IDONEW\DEBUG\COMMANDPROCESSOR.OBJ
C:\USERS\SUPRAJA\DOCUMENTS\VISUAL STUDIO 2010\PROJECTS\IDONEW\IDONEW\DEBUG\DEADLINEDTASK.OBJ
C:\USERS\SUPRAJA\DOCUMENTS\VISUAL STUDIO 2010\PROJECTS\IDONEW\IDONEW\DEBUG\FILEIO.OBJ
C:\USERS\SUPRAJA\DOCUMENTS\VISUAL STUDIO 2010\PROJECTS\IDONEW\IDONEW\DEBUG\FLOATINGTASK.OBJ
C:\Users\Supraja\Documents\Visual Studio 2010\Projects\iDoNew\iDoNew\Debug\iDo.exe.intermediate.manifest
C:\Users\Supraja\Documents\Visual Studio 2010\Projects\iDoNew\iDoNew\Debug\iDo.write.1.tlog
C:\Users\Supraja\Documents\Visual Studio 2010\Projects\iDoNew\iDoNew\Debug\iDoNew.vcxprojResolveAssemblyReference.cache
C:\Users\Supraja\Documents\Visual Studio 2010\Projects\iDoNew\iDoNew\Debug\link.command.1.tlog
C:\Users\Supraja\Documents\Visual Studio 2010\Projects\iDoNew\iDoNew\Debug\link.read.1.tlog
C:\Users\Supraja\Documents\Visual Studio 2010\Projects\iDoNew\iDoNew\Debug\link.write.1.tlog
C:\USERS\SUPRAJA\DOCUMENTS\VISUAL STUDIO 2010\PROJECTS\IDONEW\IDONEW\DEBUG\LOGIC.OBJ
C:\USERS\SUPRAJA\DOCUMENTS\VISUAL STUDIO 2010\PROJECTS\IDONEW\IDONEW\DEBUG\MAIN.OBJ
C:\Users\Supraja\Documents\Visual Studio 2010\Projects\iDoNew\iDoNew\Debug\mt.command.1.tlog
C:\Users\Supraja\Documents\Visual Studio 2010\Projects\iDoNew\iDoNew\Debug\mt.read.1.tlog
C:\Users\Supraja\Documents\Visual Studio 2010\Projects\iDoNew\iDoNew\Debug\mt.write.1.tlog
C:\USERS\SUPRAJA\DOCUMENTS\VISUAL STUDIO 2010\PROJECTS\IDONEW\IDONEW\DEBUG\SEARCH.OBJ
C:\USERS\SUPRAJA\DOCUMENTS\VISUAL STUDIO 2010\PROJECTS\IDONEW\IDONEW\DEBUG\SORT.OBJ
C:\USERS\SUPRAJA\DOCUMENTS\VISUAL STUDIO 2010\PROJECTS\IDONEW\IDONEW\DEBUG\TIMEDTASK.OBJ
C:\USERS\SUPRAJA\DOCUMENTS\VISUAL STUDIO 2010\PROJECTS\IDONEW\IDONEW\DEBUG\UI.OBJ
C:\Users\Supraja\Documents\Visual Studio 2010\Projects\iDoNew\iDoNew\Debug\vc100.idb
C:\USERS\SUPRAJA\DOCUMENTS\VISUAL STUDIO 2010\PROJECTS\IDONEW\IDONEW\DEBUG\VC100.PDB
